User simulator awake
Selected Nodes: 389 395 447 1674 2273 2291 2648 2941 3450 3605 4173 4555 5884 6468 6482 6531 7105 7653 7740 7928 8590 8752 9591 9658 10421 11331 11399 11712 11807 11871 12358 12898 13549 13802 13832 14288 14794 15446 15460 16272 16810 17026 17074 19761 19888 20460 20678 20701 21395 21516 21691 21716 22134 22233 22751 22813 22965 24305 24319 24575 24650 25615 25739 25993 26061 26219 26467 26548 26652 27817 27925 28319 28636 28782 29558 29755 29772 30179 30559 30623 30715 31161 31816 31878 32011 32097 32869 32949 34463 34525 34835 35054 35224 35315 35458 36104 36515 36699 36736 37511 
User 389 (1) commented at Sun Mar  5 21:01:48 2023
User 395 (1) posted at Sun Mar  5 21:01:48 2023
User 447 (1) liked at Sun Mar  5 21:01:48 2023
User 1674 (1) posted at Sun Mar  5 21:01:48 2023
User 2273 (1) commented at Sun Mar  5 21:01:48 2023
User 2291 (1) posted at Sun Mar  5 21:01:48 2023
User 2648 (1) commented at Sun Mar  5 21:01:48 2023
User 2941 (1) liked at Sun Mar  5 21:01:48 2023
User 3450 (1) posted at Sun Mar  5 21:01:48 2023
User 3605 (1) commented at Sun Mar  5 21:01:48 2023
User 4173 (1) posted at Sun Mar  5 21:01:48 2023
User 4555 (1) liked at Sun Mar  5 21:01:48 2023
User 5884 (1) posted at Sun Mar  5 21:01:48 2023
User 6468 (1) liked at Sun Mar  5 21:01:48 2023
User 6482 (1) liked at Sun Mar  5 21:01:48 2023
User 6531 (1) commented at Sun Mar  5 21:01:48 2023
User 7105 (1) posted at Sun Mar  5 21:01:48 2023
User 7653 (1) commented at Sun Mar  5 21:01:48 2023
User 7740 (1) liked at Sun Mar  5 21:01:48 2023
User 7928 (1) commented at Sun Mar  5 21:01:48 2023
User 8590 (1) posted at Sun Mar  5 21:01:48 2023
User 8752 (1) posted at Sun Mar  5 21:01:48 2023
User 9591 (1) commented at Sun Mar  5 21:01:48 2023
User 9658 (1) commented at Sun Mar  5 21:01:48 2023
User 10421 (1) posted at Sun Mar  5 21:01:48 2023
User 11331 (1) posted at Sun Mar  5 21:01:48 2023
User 11399 (1) commented at Sun Mar  5 21:01:48 2023
User 11712 (1) liked at Sun Mar  5 21:01:48 2023
User 11807 (1) commented at Sun Mar  5 21:01:48 2023
User 11871 (1) commented at Sun Mar  5 21:01:48 2023
User 12358 (1) commented at Sun Mar  5 21:01:48 2023
User 12898 (1) liked at Sun Mar  5 21:01:48 2023
User 13549 (1) commented at Sun Mar  5 21:01:48 2023
User 13802 (1) posted at Sun Mar  5 21:01:48 2023
User 13832 (1) commented at Sun Mar  5 21:01:48 2023
User 14288 (1) posted at Sun Mar  5 21:01:48 2023
User 14794 (1) commented at Sun Mar  5 21:01:48 2023
User 15446 (1) liked at Sun Mar  5 21:01:48 2023
User 15460 (1) posted at Sun Mar  5 21:01:48 2023
User 16272 (1) liked at Sun Mar  5 21:01:48 2023
User 16810 (1) liked at Sun Mar  5 21:01:48 2023
User 17026 (1) commented at Sun Mar  5 21:01:48 2023
User 17074 (1) liked at Sun Mar  5 21:01:48 2023
User 19761 (1) liked at Sun Mar  5 21:01:48 2023
User 19888 (1) liked at Sun Mar  5 21:01:48 2023
User 20460 (1) commented at Sun Mar  5 21:01:48 2023
User 20678 (1) commented at Sun Mar  5 21:01:48 2023
User 20701 (1) posted at Sun Mar  5 21:01:48 2023
User 21395 (1) commented at Sun Mar  5 21:01:48 2023
User 21516 (1) commented at Sun Mar  5 21:01:48 2023
User 21691 (1) commented at Sun Mar  5 21:01:48 2023
User 21716 (1) commented at Sun Mar  5 21:01:48 2023
User 22134 (1) liked at Sun Mar  5 21:01:48 2023
User 22233 (1) posted at Sun Mar  5 21:01:48 2023
User 22751 (1) liked at Sun Mar  5 21:01:48 2023
User 22813 (1) posted at Sun Mar  5 21:01:48 2023
User 22965 (1) posted at Sun Mar  5 21:01:48 2023
User 24305 (1) commented at Sun Mar  5 21:01:48 2023
User 24319 (1) liked at Sun Mar  5 21:01:48 2023
User 24575 (1) commented at Sun Mar  5 21:01:48 2023
User 24650 (1) posted at Sun Mar  5 21:01:48 2023
User 25615 (1) commented at Sun Mar  5 21:01:48 2023
User 25739 (1) commented at Sun Mar  5 21:01:48 2023
User 25993 (1) liked at Sun Mar  5 21:01:48 2023
User 26061 (1) commented at Sun Mar  5 21:01:48 2023
User 26219 (1) liked at Sun Mar  5 21:01:48 2023
User 26467 (1) posted at Sun Mar  5 21:01:48 2023
User 26548 (1) commented at Sun Mar  5 21:01:48 2023
User 26652 (1) posted at Sun Mar  5 21:01:48 2023
User 27817 (1) commented at Sun Mar  5 21:01:48 2023
User 27925 (1) posted at Sun Mar  5 21:01:48 2023
User 28319 (1) liked at Sun Mar  5 21:01:48 2023
User 28636 (1) posted at Sun Mar  5 21:01:48 2023
User 28782 (1) posted at Sun Mar  5 21:01:48 2023
User 29558 (1) commented at Sun Mar  5 21:01:48 2023
User 29755 (1) liked at Sun Mar  5 21:01:48 2023
User 29772 (1) posted at Sun Mar  5 21:01:48 2023
User 30179 (1) commented at Sun Mar  5 21:01:48 2023
User 30559 (1) liked at Sun Mar  5 21:01:48 2023
User 30623 (1) commented at Sun Mar  5 21:01:48 2023
User 30715 (1) liked at Sun Mar  5 21:01:48 2023
User 31161 (1) commented at Sun Mar  5 21:01:48 2023
User 31816 (1) liked at Sun Mar  5 21:01:48 2023
User 31878 (1) liked at Sun Mar  5 21:01:48 2023
User 32011 (1) liked at Sun Mar  5 21:01:48 2023
User 32097 (1) liked at Sun Mar  5 21:01:48 2023
User 32869 (1) liked at Sun Mar  5 21:01:48 2023
User 32949 (1) posted at Sun Mar  5 21:01:48 2023
User 34463 (1) posted at Sun Mar  5 21:01:48 2023
User 34525 (1) liked at Sun Mar  5 21:01:48 2023
User 34835 (1) liked at Sun Mar  5 21:01:48 2023
User 35054 (1) commented at Sun Mar  5 21:01:48 2023
User 35224 (1) posted at Sun Mar  5 21:01:48 2023
User 35315 (1) commented at Sun Mar  5 21:01:48 2023
User 35458 (1) commented at Sun Mar  5 21:01:48 2023
User 36104 (1) posted at Sun Mar  5 21:01:48 2023
User 36515 (1) commented at Sun Mar  5 21:01:48 2023
User 36699 (1) liked at Sun Mar  5 21:01:48 2023
User 36736 (1) liked at Sun Mar  5 21:01:48 2023
User 37511 (1) commented at Sun Mar  5 21:01:48 2023
User Simulator Sleeping.
